INFO:     Will watch for changes in these directories: ['/Users/swaraj.k/Downloads/ecopulse-main/backend']
INFO:     Uvicorn running on http://127.0.0.1:8000 (Press CTRL+C to quit)
INFO:     Started reloader process [22484] using WatchFiles
/Users/swaraj.k/Downloads/ecopulse-main/.venv/lib/python3.9/site-packages/google/api_core/_python_version_support.py:246: FutureWarning: You are using a non-supported Python version (3.9.6). Google will not post any further updates to google.api_core supporting this Python version. Please upgrade to the latest Python version, or at least Python 3.10, and then update google.api_core.
  warnings.warn(message, FutureWarning)
/Users/swaraj.k/Downloads/ecopulse-main/.venv/lib/python3.9/site-packages/urllib3/__init__.py:35: NotOpenSSLWarning: urllib3 v2 only supports OpenSSL 1.1.1+, currently the 'ssl' module is compiled with 'LibreSSL 2.8.3'. See: https://github.com/urllib3/urllib3/issues/3020
  warnings.warn(
/Users/swaraj.k/Downloads/ecopulse-main/.venv/lib/python3.9/site-packages/google/auth/__init__.py:54: FutureWarning: You are using a Python version 3.9 past its end of life. Google will update google-auth with critical bug fixes on a best-effort basis, but not with any other fixes or features. Please upgrade your Python version, and then update google-auth.
  warnings.warn(eol_message.format("3.9"), FutureWarning)
/Users/swaraj.k/Downloads/ecopulse-main/.venv/lib/python3.9/site-packages/google/oauth2/__init__.py:40: FutureWarning: You are using a Python version 3.9 past its end of life. Google will update google-auth with critical bug fixes on a best-effort basis, but not with any other fixes or features. Please upgrade your Python version, and then update google-auth.
  warnings.warn(eol_message.format("3.9"), FutureWarning)
/Users/swaraj.k/Downloads/ecopulse-main/.venv/lib/python3.9/site-packages/pydantic/_internal/_config.py:322: UserWarning: Valid config keys have changed in V2:
* 'orm_mode' has been renamed to 'from_attributes'
  warnings.warn(message, UserWarning)
INFO:     Started server process [22487]
INFO:     Waiting for application startup.
INFO:     Application startup complete.
✅  ONNX weather model loaded
✅  AQI + EcoScore models loaded
⚠️   Temp/Rain models not found — using rule-based fallback. Run train_models.py. ([Errno 2] No such file or directory: '/Users/swaraj.k/Downloads/ecopulse-main/ml-model/temp_model.pkl')
⚠️   No GEMINI_API_KEY found. AI Assistant will use fallback responses.
INFO:     127.0.0.1:53825 - "OPTIONS /auth/me HTTP/1.1" 200 OK
INFO:     127.0.0.1:53825 - "GET /auth/me HTTP/1.1" 401 Unauthorized
INFO:     127.0.0.1:55013 - "OPTIONS /auth/signup HTTP/1.1" 400 Bad Request
INFO:     127.0.0.1:55015 - "OPTIONS /auth/signup HTTP/1.1" 400 Bad Request
INFO:     127.0.0.1:55017 - "OPTIONS /auth/signup HTTP/1.1" 400 Bad Request
INFO:     127.0.0.1:55017 - "OPTIONS /auth/signup HTTP/1.1" 400 Bad Request
INFO:     127.0.0.1:55017 - "OPTIONS /auth/signup HTTP/1.1" 400 Bad Request
INFO:     127.0.0.1:55017 - "OPTIONS /auth/signup HTTP/1.1" 400 Bad Request
INFO:     127.0.0.1:55017 - "OPTIONS /auth/signup HTTP/1.1" 400 Bad Request
INFO:     127.0.0.1:55017 - "OPTIONS /auth/signup HTTP/1.1" 400 Bad Request
INFO:     127.0.0.1:55019 - "OPTIONS /auth/signup HTTP/1.1" 400 Bad Request
INFO:     127.0.0.1:55019 - "OPTIONS /auth/signup HTTP/1.1" 400 Bad Request
INFO:     127.0.0.1:55019 - "OPTIONS /auth/signup HTTP/1.1" 400 Bad Request
INFO:     127.0.0.1:55023 - "OPTIONS /auth/signup HTTP/1.1" 400 Bad Request
INFO:     127.0.0.1:55023 - "OPTIONS /auth/signup HTTP/1.1" 400 Bad Request
INFO:     127.0.0.1:55023 - "OPTIONS /auth/signup HTTP/1.1" 400 Bad Request
INFO:     127.0.0.1:55023 - "OPTIONS /auth/signup HTTP/1.1" 400 Bad Request
INFO:     127.0.0.1:55023 - "OPTIONS /auth/signup HTTP/1.1" 400 Bad Request
INFO:     127.0.0.1:55023 - "OPTIONS /auth/signup HTTP/1.1" 400 Bad Request
INFO:     127.0.0.1:55023 - "OPTIONS /auth/signup HTTP/1.1" 400 Bad Request
INFO:     127.0.0.1:55065 - "OPTIONS /auth/signup HTTP/1.1" 200 OK
(trapped) error reading bcrypt version
Traceback (most recent call last):
  File "/Users/swaraj.k/Downloads/ecopulse-main/.venv/lib/python3.9/site-packages/passlib/handlers/bcrypt.py", line 620, in _load_backend_mixin
    version = _bcrypt.__about__.__version__
AttributeError: module 'bcrypt' has no attribute '__about__'
INFO:     127.0.0.1:55065 - "POST /auth/signup HTTP/1.1" 500 Internal Server Error
ERROR:    Exception in ASGI application
Traceback (most recent call last):
  File "/Users/swaraj.k/Downloads/ecopulse-main/.venv/lib/python3.9/site-packages/uvicorn/protocols/http/httptools_impl.py", line 419, in run_asgi
    result = await app(  # type: ignore[func-returns-value]
  File "/Users/swaraj.k/Downloads/ecopulse-main/.venv/lib/python3.9/site-packages/uvicorn/middleware/proxy_headers.py", line 84, in __call__
    return await self.app(scope, receive, send)
  File "/Users/swaraj.k/Downloads/ecopulse-main/.venv/lib/python3.9/site-packages/fastapi/applications.py", line 1054, in __call__
    await super().__call__(scope, receive, send)
  File "/Users/swaraj.k/Downloads/ecopulse-main/.venv/lib/python3.9/site-packages/starlette/applications.py", line 123, in __call__
    await self.middleware_stack(scope, receive, send)
  File "/Users/swaraj.k/Downloads/ecopulse-main/.venv/lib/python3.9/site-packages/starlette/middleware/errors.py", line 186, in __call__
    raise exc
  File "/Users/swaraj.k/Downloads/ecopulse-main/.venv/lib/python3.9/site-packages/starlette/middleware/errors.py", line 164, in __call__
    await self.app(scope, receive, _send)
  File "/Users/swaraj.k/Downloads/ecopulse-main/.venv/lib/python3.9/site-packages/starlette/middleware/cors.py", line 91, in __call__
    await self.simple_response(scope, receive, send, request_headers=headers)
  File "/Users/swaraj.k/Downloads/ecopulse-main/.venv/lib/python3.9/site-packages/starlette/middleware/cors.py", line 146, in simple_response
    await self.app(scope, receive, send)
  File "/Users/swaraj.k/Downloads/ecopulse-main/.venv/lib/python3.9/site-packages/starlette/middleware/exceptions.py", line 62, in __call__
    await wrap_app_handling_exceptions(self.app, conn)(scope, receive, send)
  File "/Users/swaraj.k/Downloads/ecopulse-main/.venv/lib/python3.9/site-packages/starlette/_exception_handler.py", line 64, in wrapped_app
    raise exc
  File "/Users/swaraj.k/Downloads/ecopulse-main/.venv/lib/python3.9/site-packages/starlette/_exception_handler.py", line 53, in wrapped_app
    await app(scope, receive, sender)
  File "/Users/swaraj.k/Downloads/ecopulse-main/.venv/lib/python3.9/site-packages/starlette/routing.py", line 758, in __call__
    await self.middleware_stack(scope, receive, send)
  File "/Users/swaraj.k/Downloads/ecopulse-main/.venv/lib/python3.9/site-packages/starlette/routing.py", line 778, in app
    await route.handle(scope, receive, send)
  File "/Users/swaraj.k/Downloads/ecopulse-main/.venv/lib/python3.9/site-packages/starlette/routing.py", line 299, in handle
    await self.app(scope, receive, send)
  File "/Users/swaraj.k/Downloads/ecopulse-main/.venv/lib/python3.9/site-packages/starlette/routing.py", line 79, in app
    await wrap_app_handling_exceptions(app, request)(scope, receive, send)
  File "/Users/swaraj.k/Downloads/ecopulse-main/.venv/lib/python3.9/site-packages/starlette/_exception_handler.py", line 64, in wrapped_app
    raise exc
  File "/Users/swaraj.k/Downloads/ecopulse-main/.venv/lib/python3.9/site-packages/starlette/_exception_handler.py", line 53, in wrapped_app
    await app(scope, receive, sender)
  File "/Users/swaraj.k/Downloads/ecopulse-main/.venv/lib/python3.9/site-packages/starlette/routing.py", line 74, in app
    response = await func(request)
  File "/Users/swaraj.k/Downloads/ecopulse-main/.venv/lib/python3.9/site-packages/fastapi/routing.py", line 278, in app
    raw_response = await run_endpoint_function(
  File "/Users/swaraj.k/Downloads/ecopulse-main/.venv/lib/python3.9/site-packages/fastapi/routing.py", line 193, in run_endpoint_function
    return await run_in_threadpool(dependant.call, **values)
  File "/Users/swaraj.k/Downloads/ecopulse-main/.venv/lib/python3.9/site-packages/starlette/concurrency.py", line 42, in run_in_threadpool
    return await anyio.to_thread.run_sync(func, *args)
  File "/Users/swaraj.k/Downloads/ecopulse-main/.venv/lib/python3.9/site-packages/anyio/to_thread.py", line 63, in run_sync
    return await get_async_backend().run_sync_in_worker_thread(
  File "/Users/swaraj.k/Downloads/ecopulse-main/.venv/lib/python3.9/site-packages/anyio/_backends/_asyncio.py", line 2502, in run_sync_in_worker_thread
    return await future
  File "/Users/swaraj.k/Downloads/ecopulse-main/.venv/lib/python3.9/site-packages/anyio/_backends/_asyncio.py", line 986, in run
    result = context.run(func, *args)
  File "/Users/swaraj.k/Downloads/ecopulse-main/backend/routers/auth_router.py", line 19, in signup
    hashed_password = get_password_hash(user.password)
  File "/Users/swaraj.k/Downloads/ecopulse-main/backend/auth.py", line 29, in get_password_hash
    return pwd_context.hash(password)
  File "/Users/swaraj.k/Downloads/ecopulse-main/.venv/lib/python3.9/site-packages/passlib/context.py", line 2258, in hash
    return record.hash(secret, **kwds)
  File "/Users/swaraj.k/Downloads/ecopulse-main/.venv/lib/python3.9/site-packages/passlib/utils/handlers.py", line 779, in hash
    self.checksum = self._calc_checksum(secret)
  File "/Users/swaraj.k/Downloads/ecopulse-main/.venv/lib/python3.9/site-packages/passlib/handlers/bcrypt.py", line 591, in _calc_checksum
    self._stub_requires_backend()
  File "/Users/swaraj.k/Downloads/ecopulse-main/.venv/lib/python3.9/site-packages/passlib/utils/handlers.py", line 2254, in _stub_requires_backend
    cls.set_backend()
  File "/Users/swaraj.k/Downloads/ecopulse-main/.venv/lib/python3.9/site-packages/passlib/utils/handlers.py", line 2156, in set_backend
    return owner.set_backend(name, dryrun=dryrun)
  File "/Users/swaraj.k/Downloads/ecopulse-main/.venv/lib/python3.9/site-packages/passlib/utils/handlers.py", line 2163, in set_backend
    return cls.set_backend(name, dryrun=dryrun)
  File "/Users/swaraj.k/Downloads/ecopulse-main/.venv/lib/python3.9/site-packages/passlib/utils/handlers.py", line 2188, in set_backend
    cls._set_backend(name, dryrun)
  File "/Users/swaraj.k/Downloads/ecopulse-main/.venv/lib/python3.9/site-packages/passlib/utils/handlers.py", line 2311, in _set_backend
    super(SubclassBackendMixin, cls)._set_backend(name, dryrun)
  File "/Users/swaraj.k/Downloads/ecopulse-main/.venv/lib/python3.9/site-packages/passlib/utils/handlers.py", line 2224, in _set_backend
    ok = loader(**kwds)
  File "/Users/swaraj.k/Downloads/ecopulse-main/.venv/lib/python3.9/site-packages/passlib/handlers/bcrypt.py", line 626, in _load_backend_mixin
    return mixin_cls._finalize_backend_mixin(name, dryrun)
  File "/Users/swaraj.k/Downloads/ecopulse-main/.venv/lib/python3.9/site-packages/passlib/handlers/bcrypt.py", line 421, in _finalize_backend_mixin
    if detect_wrap_bug(IDENT_2A):
  File "/Users/swaraj.k/Downloads/ecopulse-main/.venv/lib/python3.9/site-packages/passlib/handlers/bcrypt.py", line 380, in detect_wrap_bug
    if verify(secret, bug_hash):
  File "/Users/swaraj.k/Downloads/ecopulse-main/.venv/lib/python3.9/site-packages/passlib/utils/handlers.py", line 792, in verify
    return consteq(self._calc_checksum(secret), chk)
  File "/Users/swaraj.k/Downloads/ecopulse-main/.venv/lib/python3.9/site-packages/passlib/handlers/bcrypt.py", line 655, in _calc_checksum
    hash = _bcrypt.hashpw(secret, config)
ValueError: password cannot be longer than 72 bytes, truncate manually if necessary (e.g. my_password[:72])
INFO:     127.0.0.1:55208 - "OPTIONS /auth/signup HTTP/1.1" 200 OK
(trapped) error reading bcrypt version
Traceback (most recent call last):
  File "/Users/swaraj.k/Downloads/ecopulse-main/.venv/lib/python3.9/site-packages/passlib/handlers/bcrypt.py", line 620, in _load_backend_mixin
    version = _bcrypt.__about__.__version__
AttributeError: module 'bcrypt' has no attribute '__about__'
INFO:     127.0.0.1:55210 - "POST /auth/signup HTTP/1.1" 500 Internal Server Error
ERROR:    Exception in ASGI application
Traceback (most recent call last):
  File "/Users/swaraj.k/Downloads/ecopulse-main/.venv/lib/python3.9/site-packages/uvicorn/protocols/http/httptools_impl.py", line 419, in run_asgi
    result = await app(  # type: ignore[func-returns-value]
  File "/Users/swaraj.k/Downloads/ecopulse-main/.venv/lib/python3.9/site-packages/uvicorn/middleware/proxy_headers.py", line 84, in __call__
    return await self.app(scope, receive, send)
  File "/Users/swaraj.k/Downloads/ecopulse-main/.venv/lib/python3.9/site-packages/fastapi/applications.py", line 1054, in __call__
    await super().__call__(scope, receive, send)
  File "/Users/swaraj.k/Downloads/ecopulse-main/.venv/lib/python3.9/site-packages/starlette/applications.py", line 123, in __call__
    await self.middleware_stack(scope, receive, send)
  File "/Users/swaraj.k/Downloads/ecopulse-main/.venv/lib/python3.9/site-packages/starlette/middleware/errors.py", line 186, in __call__
    raise exc
  File "/Users/swaraj.k/Downloads/ecopulse-main/.venv/lib/python3.9/site-packages/starlette/middleware/errors.py", line 164, in __call__
    await self.app(scope, receive, _send)
  File "/Users/swaraj.k/Downloads/ecopulse-main/.venv/lib/python3.9/site-packages/starlette/middleware/cors.py", line 91, in __call__
    await self.simple_response(scope, receive, send, request_headers=headers)
  File "/Users/swaraj.k/Downloads/ecopulse-main/.venv/lib/python3.9/site-packages/starlette/middleware/cors.py", line 146, in simple_response
    await self.app(scope, receive, send)
  File "/Users/swaraj.k/Downloads/ecopulse-main/.venv/lib/python3.9/site-packages/starlette/middleware/exceptions.py", line 62, in __call__
    await wrap_app_handling_exceptions(self.app, conn)(scope, receive, send)
  File "/Users/swaraj.k/Downloads/ecopulse-main/.venv/lib/python3.9/site-packages/starlette/_exception_handler.py", line 64, in wrapped_app
    raise exc
  File "/Users/swaraj.k/Downloads/ecopulse-main/.venv/lib/python3.9/site-packages/starlette/_exception_handler.py", line 53, in wrapped_app
    await app(scope, receive, sender)
  File "/Users/swaraj.k/Downloads/ecopulse-main/.venv/lib/python3.9/site-packages/starlette/routing.py", line 758, in __call__
    await self.middleware_stack(scope, receive, send)
  File "/Users/swaraj.k/Downloads/ecopulse-main/.venv/lib/python3.9/site-packages/starlette/routing.py", line 778, in app
    await route.handle(scope, receive, send)
  File "/Users/swaraj.k/Downloads/ecopulse-main/.venv/lib/python3.9/site-packages/starlette/routing.py", line 299, in handle
    await self.app(scope, receive, send)
  File "/Users/swaraj.k/Downloads/ecopulse-main/.venv/lib/python3.9/site-packages/starlette/routing.py", line 79, in app
    await wrap_app_handling_exceptions(app, request)(scope, receive, send)
  File "/Users/swaraj.k/Downloads/ecopulse-main/.venv/lib/python3.9/site-packages/starlette/_exception_handler.py", line 64, in wrapped_app
    raise exc
  File "/Users/swaraj.k/Downloads/ecopulse-main/.venv/lib/python3.9/site-packages/starlette/_exception_handler.py", line 53, in wrapped_app
    await app(scope, receive, sender)
  File "/Users/swaraj.k/Downloads/ecopulse-main/.venv/lib/python3.9/site-packages/starlette/routing.py", line 74, in app
    response = await func(request)
  File "/Users/swaraj.k/Downloads/ecopulse-main/.venv/lib/python3.9/site-packages/fastapi/routing.py", line 278, in app
    raw_response = await run_endpoint_function(
  File "/Users/swaraj.k/Downloads/ecopulse-main/.venv/lib/python3.9/site-packages/fastapi/routing.py", line 193, in run_endpoint_function
    return await run_in_threadpool(dependant.call, **values)
  File "/Users/swaraj.k/Downloads/ecopulse-main/.venv/lib/python3.9/site-packages/starlette/concurrency.py", line 42, in run_in_threadpool
    return await anyio.to_thread.run_sync(func, *args)
  File "/Users/swaraj.k/Downloads/ecopulse-main/.venv/lib/python3.9/site-packages/anyio/to_thread.py", line 63, in run_sync
    return await get_async_backend().run_sync_in_worker_thread(
  File "/Users/swaraj.k/Downloads/ecopulse-main/.venv/lib/python3.9/site-packages/anyio/_backends/_asyncio.py", line 2502, in run_sync_in_worker_thread
    return await future
  File "/Users/swaraj.k/Downloads/ecopulse-main/.venv/lib/python3.9/site-packages/anyio/_backends/_asyncio.py", line 986, in run
    result = context.run(func, *args)
  File "/Users/swaraj.k/Downloads/ecopulse-main/backend/routers/auth_router.py", line 19, in signup
    hashed_password = get_password_hash(user.password)
  File "/Users/swaraj.k/Downloads/ecopulse-main/backend/auth.py", line 29, in get_password_hash
    return pwd_context.hash(password)
  File "/Users/swaraj.k/Downloads/ecopulse-main/.venv/lib/python3.9/site-packages/passlib/context.py", line 2258, in hash
    return record.hash(secret, **kwds)
  File "/Users/swaraj.k/Downloads/ecopulse-main/.venv/lib/python3.9/site-packages/passlib/utils/handlers.py", line 779, in hash
    self.checksum = self._calc_checksum(secret)
  File "/Users/swaraj.k/Downloads/ecopulse-main/.venv/lib/python3.9/site-packages/passlib/handlers/bcrypt.py", line 591, in _calc_checksum
    self._stub_requires_backend()
  File "/Users/swaraj.k/Downloads/ecopulse-main/.venv/lib/python3.9/site-packages/passlib/utils/handlers.py", line 2254, in _stub_requires_backend
    cls.set_backend()
  File "/Users/swaraj.k/Downloads/ecopulse-main/.venv/lib/python3.9/site-packages/passlib/utils/handlers.py", line 2156, in set_backend
    return owner.set_backend(name, dryrun=dryrun)
  File "/Users/swaraj.k/Downloads/ecopulse-main/.venv/lib/python3.9/site-packages/passlib/utils/handlers.py", line 2163, in set_backend
    return cls.set_backend(name, dryrun=dryrun)
  File "/Users/swaraj.k/Downloads/ecopulse-main/.venv/lib/python3.9/site-packages/passlib/utils/handlers.py", line 2188, in set_backend
    cls._set_backend(name, dryrun)
  File "/Users/swaraj.k/Downloads/ecopulse-main/.venv/lib/python3.9/site-packages/passlib/utils/handlers.py", line 2311, in _set_backend
    super(SubclassBackendMixin, cls)._set_backend(name, dryrun)
  File "/Users/swaraj.k/Downloads/ecopulse-main/.venv/lib/python3.9/site-packages/passlib/utils/handlers.py", line 2224, in _set_backend
    ok = loader(**kwds)
  File "/Users/swaraj.k/Downloads/ecopulse-main/.venv/lib/python3.9/site-packages/passlib/handlers/bcrypt.py", line 626, in _load_backend_mixin
    return mixin_cls._finalize_backend_mixin(name, dryrun)
  File "/Users/swaraj.k/Downloads/ecopulse-main/.venv/lib/python3.9/site-packages/passlib/handlers/bcrypt.py", line 421, in _finalize_backend_mixin
    if detect_wrap_bug(IDENT_2A):
  File "/Users/swaraj.k/Downloads/ecopulse-main/.venv/lib/python3.9/site-packages/passlib/handlers/bcrypt.py", line 380, in detect_wrap_bug
    if verify(secret, bug_hash):
  File "/Users/swaraj.k/Downloads/ecopulse-main/.venv/lib/python3.9/site-packages/passlib/utils/handlers.py", line 792, in verify
    return consteq(self._calc_checksum(secret), chk)
  File "/Users/swaraj.k/Downloads/ecopulse-main/.venv/lib/python3.9/site-packages/passlib/handlers/bcrypt.py", line 655, in _calc_checksum
    hash = _bcrypt.hashpw(secret, config)
ValueError: password cannot be longer than 72 bytes, truncate manually if necessary (e.g. my_password[:72])
(trapped) error reading bcrypt version
Traceback (most recent call last):
  File "/Users/swaraj.k/Downloads/ecopulse-main/.venv/lib/python3.9/site-packages/passlib/handlers/bcrypt.py", line 620, in _load_backend_mixin
    version = _bcrypt.__about__.__version__
AttributeError: module 'bcrypt' has no attribute '__about__'
INFO:     127.0.0.1:55215 - "POST /auth/signup HTTP/1.1" 500 Internal Server Error
ERROR:    Exception in ASGI application
Traceback (most recent call last):
  File "/Users/swaraj.k/Downloads/ecopulse-main/.venv/lib/python3.9/site-packages/uvicorn/protocols/http/httptools_impl.py", line 419, in run_asgi
    result = await app(  # type: ignore[func-returns-value]
  File "/Users/swaraj.k/Downloads/ecopulse-main/.venv/lib/python3.9/site-packages/uvicorn/middleware/proxy_headers.py", line 84, in __call__
    return await self.app(scope, receive, send)
  File "/Users/swaraj.k/Downloads/ecopulse-main/.venv/lib/python3.9/site-packages/fastapi/applications.py", line 1054, in __call__
    await super().__call__(scope, receive, send)
  File "/Users/swaraj.k/Downloads/ecopulse-main/.venv/lib/python3.9/site-packages/starlette/applications.py", line 123, in __call__
    await self.middleware_stack(scope, receive, send)
  File "/Users/swaraj.k/Downloads/ecopulse-main/.venv/lib/python3.9/site-packages/starlette/middleware/errors.py", line 186, in __call__
    raise exc
  File "/Users/swaraj.k/Downloads/ecopulse-main/.venv/lib/python3.9/site-packages/starlette/middleware/errors.py", line 164, in __call__
    await self.app(scope, receive, _send)
  File "/Users/swaraj.k/Downloads/ecopulse-main/.venv/lib/python3.9/site-packages/starlette/middleware/cors.py", line 91, in __call__
    await self.simple_response(scope, receive, send, request_headers=headers)
  File "/Users/swaraj.k/Downloads/ecopulse-main/.venv/lib/python3.9/site-packages/starlette/middleware/cors.py", line 146, in simple_response
    await self.app(scope, receive, send)
  File "/Users/swaraj.k/Downloads/ecopulse-main/.venv/lib/python3.9/site-packages/starlette/middleware/exceptions.py", line 62, in __call__
    await wrap_app_handling_exceptions(self.app, conn)(scope, receive, send)
  File "/Users/swaraj.k/Downloads/ecopulse-main/.venv/lib/python3.9/site-packages/starlette/_exception_handler.py", line 64, in wrapped_app
    raise exc
  File "/Users/swaraj.k/Downloads/ecopulse-main/.venv/lib/python3.9/site-packages/starlette/_exception_handler.py", line 53, in wrapped_app
    await app(scope, receive, sender)
  File "/Users/swaraj.k/Downloads/ecopulse-main/.venv/lib/python3.9/site-packages/starlette/routing.py", line 758, in __call__
    await self.middleware_stack(scope, receive, send)
  File "/Users/swaraj.k/Downloads/ecopulse-main/.venv/lib/python3.9/site-packages/starlette/routing.py", line 778, in app
    await route.handle(scope, receive, send)
  File "/Users/swaraj.k/Downloads/ecopulse-main/.venv/lib/python3.9/site-packages/starlette/routing.py", line 299, in handle
    await self.app(scope, receive, send)
  File "/Users/swaraj.k/Downloads/ecopulse-main/.venv/lib/python3.9/site-packages/starlette/routing.py", line 79, in app
    await wrap_app_handling_exceptions(app, request)(scope, receive, send)
  File "/Users/swaraj.k/Downloads/ecopulse-main/.venv/lib/python3.9/site-packages/starlette/_exception_handler.py", line 64, in wrapped_app
    raise exc
  File "/Users/swaraj.k/Downloads/ecopulse-main/.venv/lib/python3.9/site-packages/starlette/_exception_handler.py", line 53, in wrapped_app
    await app(scope, receive, sender)
  File "/Users/swaraj.k/Downloads/ecopulse-main/.venv/lib/python3.9/site-packages/starlette/routing.py", line 74, in app
    response = await func(request)
  File "/Users/swaraj.k/Downloads/ecopulse-main/.venv/lib/python3.9/site-packages/fastapi/routing.py", line 278, in app
    raw_response = await run_endpoint_function(
  File "/Users/swaraj.k/Downloads/ecopulse-main/.venv/lib/python3.9/site-packages/fastapi/routing.py", line 193, in run_endpoint_function
    return await run_in_threadpool(dependant.call, **values)
  File "/Users/swaraj.k/Downloads/ecopulse-main/.venv/lib/python3.9/site-packages/starlette/concurrency.py", line 42, in run_in_threadpool
    return await anyio.to_thread.run_sync(func, *args)
  File "/Users/swaraj.k/Downloads/ecopulse-main/.venv/lib/python3.9/site-packages/anyio/to_thread.py", line 63, in run_sync
    return await get_async_backend().run_sync_in_worker_thread(
  File "/Users/swaraj.k/Downloads/ecopulse-main/.venv/lib/python3.9/site-packages/anyio/_backends/_asyncio.py", line 2502, in run_sync_in_worker_thread
    return await future
  File "/Users/swaraj.k/Downloads/ecopulse-main/.venv/lib/python3.9/site-packages/anyio/_backends/_asyncio.py", line 986, in run
    result = context.run(func, *args)
  File "/Users/swaraj.k/Downloads/ecopulse-main/backend/routers/auth_router.py", line 19, in signup
    hashed_password = get_password_hash(user.password)
  File "/Users/swaraj.k/Downloads/ecopulse-main/backend/auth.py", line 29, in get_password_hash
    return pwd_context.hash(password)
  File "/Users/swaraj.k/Downloads/ecopulse-main/.venv/lib/python3.9/site-packages/passlib/context.py", line 2258, in hash
    return record.hash(secret, **kwds)
  File "/Users/swaraj.k/Downloads/ecopulse-main/.venv/lib/python3.9/site-packages/passlib/utils/handlers.py", line 779, in hash
    self.checksum = self._calc_checksum(secret)
  File "/Users/swaraj.k/Downloads/ecopulse-main/.venv/lib/python3.9/site-packages/passlib/handlers/bcrypt.py", line 591, in _calc_checksum
    self._stub_requires_backend()
  File "/Users/swaraj.k/Downloads/ecopulse-main/.venv/lib/python3.9/site-packages/passlib/utils/handlers.py", line 2254, in _stub_requires_backend
    cls.set_backend()
  File "/Users/swaraj.k/Downloads/ecopulse-main/.venv/lib/python3.9/site-packages/passlib/utils/handlers.py", line 2156, in set_backend
    return owner.set_backend(name, dryrun=dryrun)
  File "/Users/swaraj.k/Downloads/ecopulse-main/.venv/lib/python3.9/site-packages/passlib/utils/handlers.py", line 2163, in set_backend
    return cls.set_backend(name, dryrun=dryrun)
  File "/Users/swaraj.k/Downloads/ecopulse-main/.venv/lib/python3.9/site-packages/passlib/utils/handlers.py", line 2188, in set_backend
    cls._set_backend(name, dryrun)
  File "/Users/swaraj.k/Downloads/ecopulse-main/.venv/lib/python3.9/site-packages/passlib/utils/handlers.py", line 2311, in _set_backend
    super(SubclassBackendMixin, cls)._set_backend(name, dryrun)
  File "/Users/swaraj.k/Downloads/ecopulse-main/.venv/lib/python3.9/site-packages/passlib/utils/handlers.py", line 2224, in _set_backend
    ok = loader(**kwds)
  File "/Users/swaraj.k/Downloads/ecopulse-main/.venv/lib/python3.9/site-packages/passlib/handlers/bcrypt.py", line 626, in _load_backend_mixin
    return mixin_cls._finalize_backend_mixin(name, dryrun)
  File "/Users/swaraj.k/Downloads/ecopulse-main/.venv/lib/python3.9/site-packages/passlib/handlers/bcrypt.py", line 421, in _finalize_backend_mixin
    if detect_wrap_bug(IDENT_2A):
  File "/Users/swaraj.k/Downloads/ecopulse-main/.venv/lib/python3.9/site-packages/passlib/handlers/bcrypt.py", line 380, in detect_wrap_bug
    if verify(secret, bug_hash):
  File "/Users/swaraj.k/Downloads/ecopulse-main/.venv/lib/python3.9/site-packages/passlib/utils/handlers.py", line 792, in verify
    return consteq(self._calc_checksum(secret), chk)
  File "/Users/swaraj.k/Downloads/ecopulse-main/.venv/lib/python3.9/site-packages/passlib/handlers/bcrypt.py", line 655, in _calc_checksum
    hash = _bcrypt.hashpw(secret, config)
ValueError: password cannot be longer than 72 bytes, truncate manually if necessary (e.g. my_password[:72])
(trapped) error reading bcrypt version
Traceback (most recent call last):
  File "/Users/swaraj.k/Downloads/ecopulse-main/.venv/lib/python3.9/site-packages/passlib/handlers/bcrypt.py", line 620, in _load_backend_mixin
    version = _bcrypt.__about__.__version__
AttributeError: module 'bcrypt' has no attribute '__about__'
INFO:     127.0.0.1:55217 - "POST /auth/signup HTTP/1.1" 500 Internal Server Error
ERROR:    Exception in ASGI application
Traceback (most recent call last):
  File "/Users/swaraj.k/Downloads/ecopulse-main/.venv/lib/python3.9/site-packages/uvicorn/protocols/http/httptools_impl.py", line 419, in run_asgi
    result = await app(  # type: ignore[func-returns-value]
  File "/Users/swaraj.k/Downloads/ecopulse-main/.venv/lib/python3.9/site-packages/uvicorn/middleware/proxy_headers.py", line 84, in __call__
    return await self.app(scope, receive, send)
  File "/Users/swaraj.k/Downloads/ecopulse-main/.venv/lib/python3.9/site-packages/fastapi/applications.py", line 1054, in __call__
    await super().__call__(scope, receive, send)
  File "/Users/swaraj.k/Downloads/ecopulse-main/.venv/lib/python3.9/site-packages/starlette/applications.py", line 123, in __call__
    await self.middleware_stack(scope, receive, send)
  File "/Users/swaraj.k/Downloads/ecopulse-main/.venv/lib/python3.9/site-packages/starlette/middleware/errors.py", line 186, in __call__
    raise exc
  File "/Users/swaraj.k/Downloads/ecopulse-main/.venv/lib/python3.9/site-packages/starlette/middleware/errors.py", line 164, in __call__
    await self.app(scope, receive, _send)
  File "/Users/swaraj.k/Downloads/ecopulse-main/.venv/lib/python3.9/site-packages/starlette/middleware/cors.py", line 91, in __call__
    await self.simple_response(scope, receive, send, request_headers=headers)
  File "/Users/swaraj.k/Downloads/ecopulse-main/.venv/lib/python3.9/site-packages/starlette/middleware/cors.py", line 146, in simple_response
    await self.app(scope, receive, send)
  File "/Users/swaraj.k/Downloads/ecopulse-main/.venv/lib/python3.9/site-packages/starlette/middleware/exceptions.py", line 62, in __call__
    await wrap_app_handling_exceptions(self.app, conn)(scope, receive, send)
  File "/Users/swaraj.k/Downloads/ecopulse-main/.venv/lib/python3.9/site-packages/starlette/_exception_handler.py", line 64, in wrapped_app
    raise exc
  File "/Users/swaraj.k/Downloads/ecopulse-main/.venv/lib/python3.9/site-packages/starlette/_exception_handler.py", line 53, in wrapped_app
    await app(scope, receive, sender)
  File "/Users/swaraj.k/Downloads/ecopulse-main/.venv/lib/python3.9/site-packages/starlette/routing.py", line 758, in __call__
    await self.middleware_stack(scope, receive, send)
  File "/Users/swaraj.k/Downloads/ecopulse-main/.venv/lib/python3.9/site-packages/starlette/routing.py", line 778, in app
    await route.handle(scope, receive, send)
  File "/Users/swaraj.k/Downloads/ecopulse-main/.venv/lib/python3.9/site-packages/starlette/routing.py", line 299, in handle
    await self.app(scope, receive, send)
  File "/Users/swaraj.k/Downloads/ecopulse-main/.venv/lib/python3.9/site-packages/starlette/routing.py", line 79, in app
    await wrap_app_handling_exceptions(app, request)(scope, receive, send)
  File "/Users/swaraj.k/Downloads/ecopulse-main/.venv/lib/python3.9/site-packages/starlette/_exception_handler.py", line 64, in wrapped_app
    raise exc
  File "/Users/swaraj.k/Downloads/ecopulse-main/.venv/lib/python3.9/site-packages/starlette/_exception_handler.py", line 53, in wrapped_app
    await app(scope, receive, sender)
  File "/Users/swaraj.k/Downloads/ecopulse-main/.venv/lib/python3.9/site-packages/starlette/routing.py", line 74, in app
    response = await func(request)
  File "/Users/swaraj.k/Downloads/ecopulse-main/.venv/lib/python3.9/site-packages/fastapi/routing.py", line 278, in app
    raw_response = await run_endpoint_function(
  File "/Users/swaraj.k/Downloads/ecopulse-main/.venv/lib/python3.9/site-packages/fastapi/routing.py", line 193, in run_endpoint_function
    return await run_in_threadpool(dependant.call, **values)
  File "/Users/swaraj.k/Downloads/ecopulse-main/.venv/lib/python3.9/site-packages/starlette/concurrency.py", line 42, in run_in_threadpool
    return await anyio.to_thread.run_sync(func, *args)
  File "/Users/swaraj.k/Downloads/ecopulse-main/.venv/lib/python3.9/site-packages/anyio/to_thread.py", line 63, in run_sync
    return await get_async_backend().run_sync_in_worker_thread(
  File "/Users/swaraj.k/Downloads/ecopulse-main/.venv/lib/python3.9/site-packages/anyio/_backends/_asyncio.py", line 2502, in run_sync_in_worker_thread
    return await future
  File "/Users/swaraj.k/Downloads/ecopulse-main/.venv/lib/python3.9/site-packages/anyio/_backends/_asyncio.py", line 986, in run
    result = context.run(func, *args)
  File "/Users/swaraj.k/Downloads/ecopulse-main/backend/routers/auth_router.py", line 19, in signup
    hashed_password = get_password_hash(user.password)
  File "/Users/swaraj.k/Downloads/ecopulse-main/backend/auth.py", line 29, in get_password_hash
    return pwd_context.hash(password)
  File "/Users/swaraj.k/Downloads/ecopulse-main/.venv/lib/python3.9/site-packages/passlib/context.py", line 2258, in hash
    return record.hash(secret, **kwds)
  File "/Users/swaraj.k/Downloads/ecopulse-main/.venv/lib/python3.9/site-packages/passlib/utils/handlers.py", line 779, in hash
    self.checksum = self._calc_checksum(secret)
  File "/Users/swaraj.k/Downloads/ecopulse-main/.venv/lib/python3.9/site-packages/passlib/handlers/bcrypt.py", line 591, in _calc_checksum
    self._stub_requires_backend()
  File "/Users/swaraj.k/Downloads/ecopulse-main/.venv/lib/python3.9/site-packages/passlib/utils/handlers.py", line 2254, in _stub_requires_backend
    cls.set_backend()
  File "/Users/swaraj.k/Downloads/ecopulse-main/.venv/lib/python3.9/site-packages/passlib/utils/handlers.py", line 2156, in set_backend
    return owner.set_backend(name, dryrun=dryrun)
  File "/Users/swaraj.k/Downloads/ecopulse-main/.venv/lib/python3.9/site-packages/passlib/utils/handlers.py", line 2163, in set_backend
    return cls.set_backend(name, dryrun=dryrun)
  File "/Users/swaraj.k/Downloads/ecopulse-main/.venv/lib/python3.9/site-packages/passlib/utils/handlers.py", line 2188, in set_backend
    cls._set_backend(name, dryrun)
  File "/Users/swaraj.k/Downloads/ecopulse-main/.venv/lib/python3.9/site-packages/passlib/utils/handlers.py", line 2311, in _set_backend
    super(SubclassBackendMixin, cls)._set_backend(name, dryrun)
  File "/Users/swaraj.k/Downloads/ecopulse-main/.venv/lib/python3.9/site-packages/passlib/utils/handlers.py", line 2224, in _set_backend
    ok = loader(**kwds)
  File "/Users/swaraj.k/Downloads/ecopulse-main/.venv/lib/python3.9/site-packages/passlib/handlers/bcrypt.py", line 626, in _load_backend_mixin
    return mixin_cls._finalize_backend_mixin(name, dryrun)
  File "/Users/swaraj.k/Downloads/ecopulse-main/.venv/lib/python3.9/site-packages/passlib/handlers/bcrypt.py", line 421, in _finalize_backend_mixin
    if detect_wrap_bug(IDENT_2A):
  File "/Users/swaraj.k/Downloads/ecopulse-main/.venv/lib/python3.9/site-packages/passlib/handlers/bcrypt.py", line 380, in detect_wrap_bug
    if verify(secret, bug_hash):
  File "/Users/swaraj.k/Downloads/ecopulse-main/.venv/lib/python3.9/site-packages/passlib/utils/handlers.py", line 792, in verify
    return consteq(self._calc_checksum(secret), chk)
  File "/Users/swaraj.k/Downloads/ecopulse-main/.venv/lib/python3.9/site-packages/passlib/handlers/bcrypt.py", line 655, in _calc_checksum
    hash = _bcrypt.hashpw(secret, config)
ValueError: password cannot be longer than 72 bytes, truncate manually if necessary (e.g. my_password[:72])
(trapped) error reading bcrypt version
Traceback (most recent call last):
  File "/Users/swaraj.k/Downloads/ecopulse-main/.venv/lib/python3.9/site-packages/passlib/handlers/bcrypt.py", line 620, in _load_backend_mixin
    version = _bcrypt.__about__.__version__
AttributeError: module 'bcrypt' has no attribute '__about__'
INFO:     127.0.0.1:55219 - "POST /auth/signup HTTP/1.1" 500 Internal Server Error
ERROR:    Exception in ASGI application
Traceback (most recent call last):
  File "/Users/swaraj.k/Downloads/ecopulse-main/.venv/lib/python3.9/site-packages/uvicorn/protocols/http/httptools_impl.py", line 419, in run_asgi
    result = await app(  # type: ignore[func-returns-value]
  File "/Users/swaraj.k/Downloads/ecopulse-main/.venv/lib/python3.9/site-packages/uvicorn/middleware/proxy_headers.py", line 84, in __call__
    return await self.app(scope, receive, send)
  File "/Users/swaraj.k/Downloads/ecopulse-main/.venv/lib/python3.9/site-packages/fastapi/applications.py", line 1054, in __call__
    await super().__call__(scope, receive, send)
  File "/Users/swaraj.k/Downloads/ecopulse-main/.venv/lib/python3.9/site-packages/starlette/applications.py", line 123, in __call__
    await self.middleware_stack(scope, receive, send)
  File "/Users/swaraj.k/Downloads/ecopulse-main/.venv/lib/python3.9/site-packages/starlette/middleware/errors.py", line 186, in __call__
    raise exc
  File "/Users/swaraj.k/Downloads/ecopulse-main/.venv/lib/python3.9/site-packages/starlette/middleware/errors.py", line 164, in __call__
    await self.app(scope, receive, _send)
  File "/Users/swaraj.k/Downloads/ecopulse-main/.venv/lib/python3.9/site-packages/starlette/middleware/cors.py", line 91, in __call__
    await self.simple_response(scope, receive, send, request_headers=headers)
  File "/Users/swaraj.k/Downloads/ecopulse-main/.venv/lib/python3.9/site-packages/starlette/middleware/cors.py", line 146, in simple_response
    await self.app(scope, receive, send)
  File "/Users/swaraj.k/Downloads/ecopulse-main/.venv/lib/python3.9/site-packages/starlette/middleware/exceptions.py", line 62, in __call__
    await wrap_app_handling_exceptions(self.app, conn)(scope, receive, send)
  File "/Users/swaraj.k/Downloads/ecopulse-main/.venv/lib/python3.9/site-packages/starlette/_exception_handler.py", line 64, in wrapped_app
    raise exc
  File "/Users/swaraj.k/Downloads/ecopulse-main/.venv/lib/python3.9/site-packages/starlette/_exception_handler.py", line 53, in wrapped_app
    await app(scope, receive, sender)
  File "/Users/swaraj.k/Downloads/ecopulse-main/.venv/lib/python3.9/site-packages/starlette/routing.py", line 758, in __call__
    await self.middleware_stack(scope, receive, send)
  File "/Users/swaraj.k/Downloads/ecopulse-main/.venv/lib/python3.9/site-packages/starlette/routing.py", line 778, in app
    await route.handle(scope, receive, send)
  File "/Users/swaraj.k/Downloads/ecopulse-main/.venv/lib/python3.9/site-packages/starlette/routing.py", line 299, in handle
    await self.app(scope, receive, send)
  File "/Users/swaraj.k/Downloads/ecopulse-main/.venv/lib/python3.9/site-packages/starlette/routing.py", line 79, in app
    await wrap_app_handling_exceptions(app, request)(scope, receive, send)
  File "/Users/swaraj.k/Downloads/ecopulse-main/.venv/lib/python3.9/site-packages/starlette/_exception_handler.py", line 64, in wrapped_app
    raise exc
  File "/Users/swaraj.k/Downloads/ecopulse-main/.venv/lib/python3.9/site-packages/starlette/_exception_handler.py", line 53, in wrapped_app
    await app(scope, receive, sender)
  File "/Users/swaraj.k/Downloads/ecopulse-main/.venv/lib/python3.9/site-packages/starlette/routing.py", line 74, in app
    response = await func(request)
  File "/Users/swaraj.k/Downloads/ecopulse-main/.venv/lib/python3.9/site-packages/fastapi/routing.py", line 278, in app
    raw_response = await run_endpoint_function(
  File "/Users/swaraj.k/Downloads/ecopulse-main/.venv/lib/python3.9/site-packages/fastapi/routing.py", line 193, in run_endpoint_function
    return await run_in_threadpool(dependant.call, **values)
  File "/Users/swaraj.k/Downloads/ecopulse-main/.venv/lib/python3.9/site-packages/starlette/concurrency.py", line 42, in run_in_threadpool
    return await anyio.to_thread.run_sync(func, *args)
  File "/Users/swaraj.k/Downloads/ecopulse-main/.venv/lib/python3.9/site-packages/anyio/to_thread.py", line 63, in run_sync
    return await get_async_backend().run_sync_in_worker_thread(
  File "/Users/swaraj.k/Downloads/ecopulse-main/.venv/lib/python3.9/site-packages/anyio/_backends/_asyncio.py", line 2502, in run_sync_in_worker_thread
    return await future
  File "/Users/swaraj.k/Downloads/ecopulse-main/.venv/lib/python3.9/site-packages/anyio/_backends/_asyncio.py", line 986, in run
    result = context.run(func, *args)
  File "/Users/swaraj.k/Downloads/ecopulse-main/backend/routers/auth_router.py", line 19, in signup
    hashed_password = get_password_hash(user.password)
  File "/Users/swaraj.k/Downloads/ecopulse-main/backend/auth.py", line 29, in get_password_hash
    return pwd_context.hash(password)
  File "/Users/swaraj.k/Downloads/ecopulse-main/.venv/lib/python3.9/site-packages/passlib/context.py", line 2258, in hash
    return record.hash(secret, **kwds)
  File "/Users/swaraj.k/Downloads/ecopulse-main/.venv/lib/python3.9/site-packages/passlib/utils/handlers.py", line 779, in hash
    self.checksum = self._calc_checksum(secret)
  File "/Users/swaraj.k/Downloads/ecopulse-main/.venv/lib/python3.9/site-packages/passlib/handlers/bcrypt.py", line 591, in _calc_checksum
    self._stub_requires_backend()
  File "/Users/swaraj.k/Downloads/ecopulse-main/.venv/lib/python3.9/site-packages/passlib/utils/handlers.py", line 2254, in _stub_requires_backend
    cls.set_backend()
  File "/Users/swaraj.k/Downloads/ecopulse-main/.venv/lib/python3.9/site-packages/passlib/utils/handlers.py", line 2156, in set_backend
    return owner.set_backend(name, dryrun=dryrun)
  File "/Users/swaraj.k/Downloads/ecopulse-main/.venv/lib/python3.9/site-packages/passlib/utils/handlers.py", line 2163, in set_backend
    return cls.set_backend(name, dryrun=dryrun)
  File "/Users/swaraj.k/Downloads/ecopulse-main/.venv/lib/python3.9/site-packages/passlib/utils/handlers.py", line 2188, in set_backend
    cls._set_backend(name, dryrun)
  File "/Users/swaraj.k/Downloads/ecopulse-main/.venv/lib/python3.9/site-packages/passlib/utils/handlers.py", line 2311, in _set_backend
    super(SubclassBackendMixin, cls)._set_backend(name, dryrun)
  File "/Users/swaraj.k/Downloads/ecopulse-main/.venv/lib/python3.9/site-packages/passlib/utils/handlers.py", line 2224, in _set_backend
    ok = loader(**kwds)
  File "/Users/swaraj.k/Downloads/ecopulse-main/.venv/lib/python3.9/site-packages/passlib/handlers/bcrypt.py", line 626, in _load_backend_mixin
    return mixin_cls._finalize_backend_mixin(name, dryrun)
  File "/Users/swaraj.k/Downloads/ecopulse-main/.venv/lib/python3.9/site-packages/passlib/handlers/bcrypt.py", line 421, in _finalize_backend_mixin
    if detect_wrap_bug(IDENT_2A):
  File "/Users/swaraj.k/Downloads/ecopulse-main/.venv/lib/python3.9/site-packages/passlib/handlers/bcrypt.py", line 380, in detect_wrap_bug
    if verify(secret, bug_hash):
  File "/Users/swaraj.k/Downloads/ecopulse-main/.venv/lib/python3.9/site-packages/passlib/utils/handlers.py", line 792, in verify
    return consteq(self._calc_checksum(secret), chk)
  File "/Users/swaraj.k/Downloads/ecopulse-main/.venv/lib/python3.9/site-packages/passlib/handlers/bcrypt.py", line 655, in _calc_checksum
    hash = _bcrypt.hashpw(secret, config)
ValueError: password cannot be longer than 72 bytes, truncate manually if necessary (e.g. my_password[:72])
(trapped) error reading bcrypt version
Traceback (most recent call last):
  File "/Users/swaraj.k/Downloads/ecopulse-main/.venv/lib/python3.9/site-packages/passlib/handlers/bcrypt.py", line 620, in _load_backend_mixin
    version = _bcrypt.__about__.__version__
AttributeError: module 'bcrypt' has no attribute '__about__'
INFO:     127.0.0.1:55221 - "POST /auth/signup HTTP/1.1" 500 Internal Server Error
ERROR:    Exception in ASGI application
Traceback (most recent call last):
  File "/Users/swaraj.k/Downloads/ecopulse-main/.venv/lib/python3.9/site-packages/uvicorn/protocols/http/httptools_impl.py", line 419, in run_asgi
    result = await app(  # type: ignore[func-returns-value]
  File "/Users/swaraj.k/Downloads/ecopulse-main/.venv/lib/python3.9/site-packages/uvicorn/middleware/proxy_headers.py", line 84, in __call__
    return await self.app(scope, receive, send)
  File "/Users/swaraj.k/Downloads/ecopulse-main/.venv/lib/python3.9/site-packages/fastapi/applications.py", line 1054, in __call__
    await super().__call__(scope, receive, send)
  File "/Users/swaraj.k/Downloads/ecopulse-main/.venv/lib/python3.9/site-packages/starlette/applications.py", line 123, in __call__
    await self.middleware_stack(scope, receive, send)
  File "/Users/swaraj.k/Downloads/ecopulse-main/.venv/lib/python3.9/site-packages/starlette/middleware/errors.py", line 186, in __call__
    raise exc
  File "/Users/swaraj.k/Downloads/ecopulse-main/.venv/lib/python3.9/site-packages/starlette/middleware/errors.py", line 164, in __call__
    await self.app(scope, receive, _send)
  File "/Users/swaraj.k/Downloads/ecopulse-main/.venv/lib/python3.9/site-packages/starlette/middleware/cors.py", line 91, in __call__
    await self.simple_response(scope, receive, send, request_headers=headers)
  File "/Users/swaraj.k/Downloads/ecopulse-main/.venv/lib/python3.9/site-packages/starlette/middleware/cors.py", line 146, in simple_response
    await self.app(scope, receive, send)
  File "/Users/swaraj.k/Downloads/ecopulse-main/.venv/lib/python3.9/site-packages/starlette/middleware/exceptions.py", line 62, in __call__
    await wrap_app_handling_exceptions(self.app, conn)(scope, receive, send)
  File "/Users/swaraj.k/Downloads/ecopulse-main/.venv/lib/python3.9/site-packages/starlette/_exception_handler.py", line 64, in wrapped_app
    raise exc
  File "/Users/swaraj.k/Downloads/ecopulse-main/.venv/lib/python3.9/site-packages/starlette/_exception_handler.py", line 53, in wrapped_app
    await app(scope, receive, sender)
  File "/Users/swaraj.k/Downloads/ecopulse-main/.venv/lib/python3.9/site-packages/starlette/routing.py", line 758, in __call__
    await self.middleware_stack(scope, receive, send)
  File "/Users/swaraj.k/Downloads/ecopulse-main/.venv/lib/python3.9/site-packages/starlette/routing.py", line 778, in app
    await route.handle(scope, receive, send)
  File "/Users/swaraj.k/Downloads/ecopulse-main/.venv/lib/python3.9/site-packages/starlette/routing.py", line 299, in handle
    await self.app(scope, receive, send)
  File "/Users/swaraj.k/Downloads/ecopulse-main/.venv/lib/python3.9/site-packages/starlette/routing.py", line 79, in app
    await wrap_app_handling_exceptions(app, request)(scope, receive, send)
  File "/Users/swaraj.k/Downloads/ecopulse-main/.venv/lib/python3.9/site-packages/starlette/_exception_handler.py", line 64, in wrapped_app
    raise exc
  File "/Users/swaraj.k/Downloads/ecopulse-main/.venv/lib/python3.9/site-packages/starlette/_exception_handler.py", line 53, in wrapped_app
    await app(scope, receive, sender)
  File "/Users/swaraj.k/Downloads/ecopulse-main/.venv/lib/python3.9/site-packages/starlette/routing.py", line 74, in app
    response = await func(request)
  File "/Users/swaraj.k/Downloads/ecopulse-main/.venv/lib/python3.9/site-packages/fastapi/routing.py", line 278, in app
    raw_response = await run_endpoint_function(
  File "/Users/swaraj.k/Downloads/ecopulse-main/.venv/lib/python3.9/site-packages/fastapi/routing.py", line 193, in run_endpoint_function
    return await run_in_threadpool(dependant.call, **values)
  File "/Users/swaraj.k/Downloads/ecopulse-main/.venv/lib/python3.9/site-packages/starlette/concurrency.py", line 42, in run_in_threadpool
    return await anyio.to_thread.run_sync(func, *args)
  File "/Users/swaraj.k/Downloads/ecopulse-main/.venv/lib/python3.9/site-packages/anyio/to_thread.py", line 63, in run_sync
    return await get_async_backend().run_sync_in_worker_thread(
  File "/Users/swaraj.k/Downloads/ecopulse-main/.venv/lib/python3.9/site-packages/anyio/_backends/_asyncio.py", line 2502, in run_sync_in_worker_thread
    return await future
  File "/Users/swaraj.k/Downloads/ecopulse-main/.venv/lib/python3.9/site-packages/anyio/_backends/_asyncio.py", line 986, in run
    result = context.run(func, *args)
  File "/Users/swaraj.k/Downloads/ecopulse-main/backend/routers/auth_router.py", line 19, in signup
    hashed_password = get_password_hash(user.password)
  File "/Users/swaraj.k/Downloads/ecopulse-main/backend/auth.py", line 29, in get_password_hash
    return pwd_context.hash(password)
  File "/Users/swaraj.k/Downloads/ecopulse-main/.venv/lib/python3.9/site-packages/passlib/context.py", line 2258, in hash
    return record.hash(secret, **kwds)
  File "/Users/swaraj.k/Downloads/ecopulse-main/.venv/lib/python3.9/site-packages/passlib/utils/handlers.py", line 779, in hash
    self.checksum = self._calc_checksum(secret)
  File "/Users/swaraj.k/Downloads/ecopulse-main/.venv/lib/python3.9/site-packages/passlib/handlers/bcrypt.py", line 591, in _calc_checksum
    self._stub_requires_backend()
  File "/Users/swaraj.k/Downloads/ecopulse-main/.venv/lib/python3.9/site-packages/passlib/utils/handlers.py", line 2254, in _stub_requires_backend
    cls.set_backend()
  File "/Users/swaraj.k/Downloads/ecopulse-main/.venv/lib/python3.9/site-packages/passlib/utils/handlers.py", line 2156, in set_backend
    return owner.set_backend(name, dryrun=dryrun)
  File "/Users/swaraj.k/Downloads/ecopulse-main/.venv/lib/python3.9/site-packages/passlib/utils/handlers.py", line 2163, in set_backend
    return cls.set_backend(name, dryrun=dryrun)
  File "/Users/swaraj.k/Downloads/ecopulse-main/.venv/lib/python3.9/site-packages/passlib/utils/handlers.py", line 2188, in set_backend
    cls._set_backend(name, dryrun)
  File "/Users/swaraj.k/Downloads/ecopulse-main/.venv/lib/python3.9/site-packages/passlib/utils/handlers.py", line 2311, in _set_backend
    super(SubclassBackendMixin, cls)._set_backend(name, dryrun)
  File "/Users/swaraj.k/Downloads/ecopulse-main/.venv/lib/python3.9/site-packages/passlib/utils/handlers.py", line 2224, in _set_backend
    ok = loader(**kwds)
  File "/Users/swaraj.k/Downloads/ecopulse-main/.venv/lib/python3.9/site-packages/passlib/handlers/bcrypt.py", line 626, in _load_backend_mixin
    return mixin_cls._finalize_backend_mixin(name, dryrun)
  File "/Users/swaraj.k/Downloads/ecopulse-main/.venv/lib/python3.9/site-packages/passlib/handlers/bcrypt.py", line 421, in _finalize_backend_mixin
    if detect_wrap_bug(IDENT_2A):
  File "/Users/swaraj.k/Downloads/ecopulse-main/.venv/lib/python3.9/site-packages/passlib/handlers/bcrypt.py", line 380, in detect_wrap_bug
    if verify(secret, bug_hash):
  File "/Users/swaraj.k/Downloads/ecopulse-main/.venv/lib/python3.9/site-packages/passlib/utils/handlers.py", line 792, in verify
    return consteq(self._calc_checksum(secret), chk)
  File "/Users/swaraj.k/Downloads/ecopulse-main/.venv/lib/python3.9/site-packages/passlib/handlers/bcrypt.py", line 655, in _calc_checksum
    hash = _bcrypt.hashpw(secret, config)
ValueError: password cannot be longer than 72 bytes, truncate manually if necessary (e.g. my_password[:72])
(trapped) error reading bcrypt version
Traceback (most recent call last):
  File "/Users/swaraj.k/Downloads/ecopulse-main/.venv/lib/python3.9/site-packages/passlib/handlers/bcrypt.py", line 620, in _load_backend_mixin
    version = _bcrypt.__about__.__version__
AttributeError: module 'bcrypt' has no attribute '__about__'
INFO:     127.0.0.1:55223 - "POST /auth/signup HTTP/1.1" 500 Internal Server Error
ERROR:    Exception in ASGI application
Traceback (most recent call last):
  File "/Users/swaraj.k/Downloads/ecopulse-main/.venv/lib/python3.9/site-packages/uvicorn/protocols/http/httptools_impl.py", line 419, in run_asgi
    result = await app(  # type: ignore[func-returns-value]
  File "/Users/swaraj.k/Downloads/ecopulse-main/.venv/lib/python3.9/site-packages/uvicorn/middleware/proxy_headers.py", line 84, in __call__
    return await self.app(scope, receive, send)
  File "/Users/swaraj.k/Downloads/ecopulse-main/.venv/lib/python3.9/site-packages/fastapi/applications.py", line 1054, in __call__
    await super().__call__(scope, receive, send)
  File "/Users/swaraj.k/Downloads/ecopulse-main/.venv/lib/python3.9/site-packages/starlette/applications.py", line 123, in __call__
    await self.middleware_stack(scope, receive, send)
  File "/Users/swaraj.k/Downloads/ecopulse-main/.venv/lib/python3.9/site-packages/starlette/middleware/errors.py", line 186, in __call__
    raise exc
  File "/Users/swaraj.k/Downloads/ecopulse-main/.venv/lib/python3.9/site-packages/starlette/middleware/errors.py", line 164, in __call__
    await self.app(scope, receive, _send)
  File "/Users/swaraj.k/Downloads/ecopulse-main/.venv/lib/python3.9/site-packages/starlette/middleware/cors.py", line 91, in __call__
    await self.simple_response(scope, receive, send, request_headers=headers)
  File "/Users/swaraj.k/Downloads/ecopulse-main/.venv/lib/python3.9/site-packages/starlette/middleware/cors.py", line 146, in simple_response
    await self.app(scope, receive, send)
  File "/Users/swaraj.k/Downloads/ecopulse-main/.venv/lib/python3.9/site-packages/starlette/middleware/exceptions.py", line 62, in __call__
    await wrap_app_handling_exceptions(self.app, conn)(scope, receive, send)
  File "/Users/swaraj.k/Downloads/ecopulse-main/.venv/lib/python3.9/site-packages/starlette/_exception_handler.py", line 64, in wrapped_app
    raise exc
  File "/Users/swaraj.k/Downloads/ecopulse-main/.venv/lib/python3.9/site-packages/starlette/_exception_handler.py", line 53, in wrapped_app
    await app(scope, receive, sender)
  File "/Users/swaraj.k/Downloads/ecopulse-main/.venv/lib/python3.9/site-packages/starlette/routing.py", line 758, in __call__
    await self.middleware_stack(scope, receive, send)
  File "/Users/swaraj.k/Downloads/ecopulse-main/.venv/lib/python3.9/site-packages/starlette/routing.py", line 778, in app
    await route.handle(scope, receive, send)
  File "/Users/swaraj.k/Downloads/ecopulse-main/.venv/lib/python3.9/site-packages/starlette/routing.py", line 299, in handle
    await self.app(scope, receive, send)
  File "/Users/swaraj.k/Downloads/ecopulse-main/.venv/lib/python3.9/site-packages/starlette/routing.py", line 79, in app
    await wrap_app_handling_exceptions(app, request)(scope, receive, send)
  File "/Users/swaraj.k/Downloads/ecopulse-main/.venv/lib/python3.9/site-packages/starlette/_exception_handler.py", line 64, in wrapped_app
    raise exc
  File "/Users/swaraj.k/Downloads/ecopulse-main/.venv/lib/python3.9/site-packages/starlette/_exception_handler.py", line 53, in wrapped_app
    await app(scope, receive, sender)
  File "/Users/swaraj.k/Downloads/ecopulse-main/.venv/lib/python3.9/site-packages/starlette/routing.py", line 74, in app
    response = await func(request)
  File "/Users/swaraj.k/Downloads/ecopulse-main/.venv/lib/python3.9/site-packages/fastapi/routing.py", line 278, in app
    raw_response = await run_endpoint_function(
  File "/Users/swaraj.k/Downloads/ecopulse-main/.venv/lib/python3.9/site-packages/fastapi/routing.py", line 193, in run_endpoint_function
    return await run_in_threadpool(dependant.call, **values)
  File "/Users/swaraj.k/Downloads/ecopulse-main/.venv/lib/python3.9/site-packages/starlette/concurrency.py", line 42, in run_in_threadpool
    return await anyio.to_thread.run_sync(func, *args)
  File "/Users/swaraj.k/Downloads/ecopulse-main/.venv/lib/python3.9/site-packages/anyio/to_thread.py", line 63, in run_sync
    return await get_async_backend().run_sync_in_worker_thread(
  File "/Users/swaraj.k/Downloads/ecopulse-main/.venv/lib/python3.9/site-packages/anyio/_backends/_asyncio.py", line 2502, in run_sync_in_worker_thread
    return await future
  File "/Users/swaraj.k/Downloads/ecopulse-main/.venv/lib/python3.9/site-packages/anyio/_backends/_asyncio.py", line 986, in run
    result = context.run(func, *args)
  File "/Users/swaraj.k/Downloads/ecopulse-main/backend/routers/auth_router.py", line 19, in signup
    hashed_password = get_password_hash(user.password)
  File "/Users/swaraj.k/Downloads/ecopulse-main/backend/auth.py", line 29, in get_password_hash
    return pwd_context.hash(password)
  File "/Users/swaraj.k/Downloads/ecopulse-main/.venv/lib/python3.9/site-packages/passlib/context.py", line 2258, in hash
    return record.hash(secret, **kwds)
  File "/Users/swaraj.k/Downloads/ecopulse-main/.venv/lib/python3.9/site-packages/passlib/utils/handlers.py", line 779, in hash
    self.checksum = self._calc_checksum(secret)
  File "/Users/swaraj.k/Downloads/ecopulse-main/.venv/lib/python3.9/site-packages/passlib/handlers/bcrypt.py", line 591, in _calc_checksum
    self._stub_requires_backend()
  File "/Users/swaraj.k/Downloads/ecopulse-main/.venv/lib/python3.9/site-packages/passlib/utils/handlers.py", line 2254, in _stub_requires_backend
    cls.set_backend()
  File "/Users/swaraj.k/Downloads/ecopulse-main/.venv/lib/python3.9/site-packages/passlib/utils/handlers.py", line 2156, in set_backend
    return owner.set_backend(name, dryrun=dryrun)
  File "/Users/swaraj.k/Downloads/ecopulse-main/.venv/lib/python3.9/site-packages/passlib/utils/handlers.py", line 2163, in set_backend
    return cls.set_backend(name, dryrun=dryrun)
  File "/Users/swaraj.k/Downloads/ecopulse-main/.venv/lib/python3.9/site-packages/passlib/utils/handlers.py", line 2188, in set_backend
    cls._set_backend(name, dryrun)
  File "/Users/swaraj.k/Downloads/ecopulse-main/.venv/lib/python3.9/site-packages/passlib/utils/handlers.py", line 2311, in _set_backend
    super(SubclassBackendMixin, cls)._set_backend(name, dryrun)
  File "/Users/swaraj.k/Downloads/ecopulse-main/.venv/lib/python3.9/site-packages/passlib/utils/handlers.py", line 2224, in _set_backend
    ok = loader(**kwds)
  File "/Users/swaraj.k/Downloads/ecopulse-main/.venv/lib/python3.9/site-packages/passlib/handlers/bcrypt.py", line 626, in _load_backend_mixin
    return mixin_cls._finalize_backend_mixin(name, dryrun)
  File "/Users/swaraj.k/Downloads/ecopulse-main/.venv/lib/python3.9/site-packages/passlib/handlers/bcrypt.py", line 421, in _finalize_backend_mixin
    if detect_wrap_bug(IDENT_2A):
  File "/Users/swaraj.k/Downloads/ecopulse-main/.venv/lib/python3.9/site-packages/passlib/handlers/bcrypt.py", line 380, in detect_wrap_bug
    if verify(secret, bug_hash):
  File "/Users/swaraj.k/Downloads/ecopulse-main/.venv/lib/python3.9/site-packages/passlib/utils/handlers.py", line 792, in verify
    return consteq(self._calc_checksum(secret), chk)
  File "/Users/swaraj.k/Downloads/ecopulse-main/.venv/lib/python3.9/site-packages/passlib/handlers/bcrypt.py", line 655, in _calc_checksum
    hash = _bcrypt.hashpw(secret, config)
ValueError: password cannot be longer than 72 bytes, truncate manually if necessary (e.g. my_password[:72])
INFO:     127.0.0.1:55233 - "OPTIONS /auth/login HTTP/1.1" 200 OK
INFO:     127.0.0.1:55235 - "POST /auth/login HTTP/1.1" 401 Unauthorized
(trapped) error reading bcrypt version
Traceback (most recent call last):
  File "/Users/swaraj.k/Downloads/ecopulse-main/.venv/lib/python3.9/site-packages/passlib/handlers/bcrypt.py", line 620, in _load_backend_mixin
    version = _bcrypt.__about__.__version__
AttributeError: module 'bcrypt' has no attribute '__about__'
INFO:     127.0.0.1:55250 - "POST /auth/signup HTTP/1.1" 500 Internal Server Error
ERROR:    Exception in ASGI application
Traceback (most recent call last):
  File "/Users/swaraj.k/Downloads/ecopulse-main/.venv/lib/python3.9/site-packages/uvicorn/protocols/http/httptools_impl.py", line 419, in run_asgi
    result = await app(  # type: ignore[func-returns-value]
  File "/Users/swaraj.k/Downloads/ecopulse-main/.venv/lib/python3.9/site-packages/uvicorn/middleware/proxy_headers.py", line 84, in __call__
    return await self.app(scope, receive, send)
  File "/Users/swaraj.k/Downloads/ecopulse-main/.venv/lib/python3.9/site-packages/fastapi/applications.py", line 1054, in __call__
    await super().__call__(scope, receive, send)
  File "/Users/swaraj.k/Downloads/ecopulse-main/.venv/lib/python3.9/site-packages/starlette/applications.py", line 123, in __call__
    await self.middleware_stack(scope, receive, send)
  File "/Users/swaraj.k/Downloads/ecopulse-main/.venv/lib/python3.9/site-packages/starlette/middleware/errors.py", line 186, in __call__
    raise exc
  File "/Users/swaraj.k/Downloads/ecopulse-main/.venv/lib/python3.9/site-packages/starlette/middleware/errors.py", line 164, in __call__
    await self.app(scope, receive, _send)
  File "/Users/swaraj.k/Downloads/ecopulse-main/.venv/lib/python3.9/site-packages/starlette/middleware/cors.py", line 83, in __call__
    await self.app(scope, receive, send)
  File "/Users/swaraj.k/Downloads/ecopulse-main/.venv/lib/python3.9/site-packages/starlette/middleware/exceptions.py", line 62, in __call__
    await wrap_app_handling_exceptions(self.app, conn)(scope, receive, send)
  File "/Users/swaraj.k/Downloads/ecopulse-main/.venv/lib/python3.9/site-packages/starlette/_exception_handler.py", line 64, in wrapped_app
    raise exc
  File "/Users/swaraj.k/Downloads/ecopulse-main/.venv/lib/python3.9/site-packages/starlette/_exception_handler.py", line 53, in wrapped_app
    await app(scope, receive, sender)
  File "/Users/swaraj.k/Downloads/ecopulse-main/.venv/lib/python3.9/site-packages/starlette/routing.py", line 758, in __call__
    await self.middleware_stack(scope, receive, send)
  File "/Users/swaraj.k/Downloads/ecopulse-main/.venv/lib/python3.9/site-packages/starlette/routing.py", line 778, in app
    await route.handle(scope, receive, send)
  File "/Users/swaraj.k/Downloads/ecopulse-main/.venv/lib/python3.9/site-packages/starlette/routing.py", line 299, in handle
    await self.app(scope, receive, send)
  File "/Users/swaraj.k/Downloads/ecopulse-main/.venv/lib/python3.9/site-packages/starlette/routing.py", line 79, in app
    await wrap_app_handling_exceptions(app, request)(scope, receive, send)
  File "/Users/swaraj.k/Downloads/ecopulse-main/.venv/lib/python3.9/site-packages/starlette/_exception_handler.py", line 64, in wrapped_app
    raise exc
  File "/Users/swaraj.k/Downloads/ecopulse-main/.venv/lib/python3.9/site-packages/starlette/_exception_handler.py", line 53, in wrapped_app
    await app(scope, receive, sender)
  File "/Users/swaraj.k/Downloads/ecopulse-main/.venv/lib/python3.9/site-packages/starlette/routing.py", line 74, in app
    response = await func(request)
  File "/Users/swaraj.k/Downloads/ecopulse-main/.venv/lib/python3.9/site-packages/fastapi/routing.py", line 278, in app
    raw_response = await run_endpoint_function(
  File "/Users/swaraj.k/Downloads/ecopulse-main/.venv/lib/python3.9/site-packages/fastapi/routing.py", line 193, in run_endpoint_function
    return await run_in_threadpool(dependant.call, **values)
  File "/Users/swaraj.k/Downloads/ecopulse-main/.venv/lib/python3.9/site-packages/starlette/concurrency.py", line 42, in run_in_threadpool
    return await anyio.to_thread.run_sync(func, *args)
  File "/Users/swaraj.k/Downloads/ecopulse-main/.venv/lib/python3.9/site-packages/anyio/to_thread.py", line 63, in run_sync
    return await get_async_backend().run_sync_in_worker_thread(
  File "/Users/swaraj.k/Downloads/ecopulse-main/.venv/lib/python3.9/site-packages/anyio/_backends/_asyncio.py", line 2502, in run_sync_in_worker_thread
    return await future
  File "/Users/swaraj.k/Downloads/ecopulse-main/.venv/lib/python3.9/site-packages/anyio/_backends/_asyncio.py", line 986, in run
    result = context.run(func, *args)
  File "/Users/swaraj.k/Downloads/ecopulse-main/backend/routers/auth_router.py", line 19, in signup
    hashed_password = get_password_hash(user.password)
  File "/Users/swaraj.k/Downloads/ecopulse-main/backend/auth.py", line 29, in get_password_hash
    return pwd_context.hash(password)
  File "/Users/swaraj.k/Downloads/ecopulse-main/.venv/lib/python3.9/site-packages/passlib/context.py", line 2258, in hash
    return record.hash(secret, **kwds)
  File "/Users/swaraj.k/Downloads/ecopulse-main/.venv/lib/python3.9/site-packages/passlib/utils/handlers.py", line 779, in hash
    self.checksum = self._calc_checksum(secret)
  File "/Users/swaraj.k/Downloads/ecopulse-main/.venv/lib/python3.9/site-packages/passlib/handlers/bcrypt.py", line 591, in _calc_checksum
    self._stub_requires_backend()
  File "/Users/swaraj.k/Downloads/ecopulse-main/.venv/lib/python3.9/site-packages/passlib/utils/handlers.py", line 2254, in _stub_requires_backend
    cls.set_backend()
  File "/Users/swaraj.k/Downloads/ecopulse-main/.venv/lib/python3.9/site-packages/passlib/utils/handlers.py", line 2156, in set_backend
    return owner.set_backend(name, dryrun=dryrun)
  File "/Users/swaraj.k/Downloads/ecopulse-main/.venv/lib/python3.9/site-packages/passlib/utils/handlers.py", line 2163, in set_backend
    return cls.set_backend(name, dryrun=dryrun)
  File "/Users/swaraj.k/Downloads/ecopulse-main/.venv/lib/python3.9/site-packages/passlib/utils/handlers.py", line 2188, in set_backend
    cls._set_backend(name, dryrun)
  File "/Users/swaraj.k/Downloads/ecopulse-main/.venv/lib/python3.9/site-packages/passlib/utils/handlers.py", line 2311, in _set_backend
    super(SubclassBackendMixin, cls)._set_backend(name, dryrun)
  File "/Users/swaraj.k/Downloads/ecopulse-main/.venv/lib/python3.9/site-packages/passlib/utils/handlers.py", line 2224, in _set_backend
    ok = loader(**kwds)
  File "/Users/swaraj.k/Downloads/ecopulse-main/.venv/lib/python3.9/site-packages/passlib/handlers/bcrypt.py", line 626, in _load_backend_mixin
    return mixin_cls._finalize_backend_mixin(name, dryrun)
  File "/Users/swaraj.k/Downloads/ecopulse-main/.venv/lib/python3.9/site-packages/passlib/handlers/bcrypt.py", line 421, in _finalize_backend_mixin
    if detect_wrap_bug(IDENT_2A):
  File "/Users/swaraj.k/Downloads/ecopulse-main/.venv/lib/python3.9/site-packages/passlib/handlers/bcrypt.py", line 380, in detect_wrap_bug
    if verify(secret, bug_hash):
  File "/Users/swaraj.k/Downloads/ecopulse-main/.venv/lib/python3.9/site-packages/passlib/utils/handlers.py", line 792, in verify
    return consteq(self._calc_checksum(secret), chk)
  File "/Users/swaraj.k/Downloads/ecopulse-main/.venv/lib/python3.9/site-packages/passlib/handlers/bcrypt.py", line 655, in _calc_checksum
    hash = _bcrypt.hashpw(secret, config)
ValueError: password cannot be longer than 72 bytes, truncate manually if necessary (e.g. my_password[:72])
WARNING:  WatchFiles detected changes in 'routers/auth_router.py'. Reloading...
INFO:     Shutting down
INFO:     Waiting for application shutdown.
INFO:     Application shutdown complete.
INFO:     Finished server process [22487]
/Users/swaraj.k/Downloads/ecopulse-main/.venv/lib/python3.9/site-packages/google/api_core/_python_version_support.py:246: FutureWarning: You are using a non-supported Python version (3.9.6). Google will not post any further updates to google.api_core supporting this Python version. Please upgrade to the latest Python version, or at least Python 3.10, and then update google.api_core.
  warnings.warn(message, FutureWarning)
/Users/swaraj.k/Downloads/ecopulse-main/.venv/lib/python3.9/site-packages/urllib3/__init__.py:35: NotOpenSSLWarning: urllib3 v2 only supports OpenSSL 1.1.1+, currently the 'ssl' module is compiled with 'LibreSSL 2.8.3'. See: https://github.com/urllib3/urllib3/issues/3020
  warnings.warn(
/Users/swaraj.k/Downloads/ecopulse-main/.venv/lib/python3.9/site-packages/google/auth/__init__.py:54: FutureWarning: You are using a Python version 3.9 past its end of life. Google will update google-auth with critical bug fixes on a best-effort basis, but not with any other fixes or features. Please upgrade your Python version, and then update google-auth.
  warnings.warn(eol_message.format("3.9"), FutureWarning)
/Users/swaraj.k/Downloads/ecopulse-main/.venv/lib/python3.9/site-packages/google/oauth2/__init__.py:40: FutureWarning: You are using a Python version 3.9 past its end of life. Google will update google-auth with critical bug fixes on a best-effort basis, but not with any other fixes or features. Please upgrade your Python version, and then update google-auth.
  warnings.warn(eol_message.format("3.9"), FutureWarning)
/Users/swaraj.k/Downloads/ecopulse-main/.venv/lib/python3.9/site-packages/pydantic/_internal/_config.py:322: UserWarning: Valid config keys have changed in V2:
* 'orm_mode' has been renamed to 'from_attributes'
  warnings.warn(message, UserWarning)
INFO:     Started server process [31637]
INFO:     Waiting for application startup.
INFO:     Application startup complete.
(trapped) error reading bcrypt version
Traceback (most recent call last):
  File "/Users/swaraj.k/Downloads/ecopulse-main/.venv/lib/python3.9/site-packages/passlib/handlers/bcrypt.py", line 620, in _load_backend_mixin
    version = _bcrypt.__about__.__version__
AttributeError: module 'bcrypt' has no attribute '__about__'
Traceback (most recent call last):
  File "/Users/swaraj.k/Downloads/ecopulse-main/backend/routers/auth_router.py", line 20, in signup
    hashed_password = get_password_hash(user.password)
  File "/Users/swaraj.k/Downloads/ecopulse-main/backend/auth.py", line 29, in get_password_hash
    return pwd_context.hash(password)
  File "/Users/swaraj.k/Downloads/ecopulse-main/.venv/lib/python3.9/site-packages/passlib/context.py", line 2258, in hash
    return record.hash(secret, **kwds)
  File "/Users/swaraj.k/Downloads/ecopulse-main/.venv/lib/python3.9/site-packages/passlib/utils/handlers.py", line 779, in hash
    self.checksum = self._calc_checksum(secret)
  File "/Users/swaraj.k/Downloads/ecopulse-main/.venv/lib/python3.9/site-packages/passlib/handlers/bcrypt.py", line 591, in _calc_checksum
    self._stub_requires_backend()
  File "/Users/swaraj.k/Downloads/ecopulse-main/.venv/lib/python3.9/site-packages/passlib/utils/handlers.py", line 2254, in _stub_requires_backend
    cls.set_backend()
  File "/Users/swaraj.k/Downloads/ecopulse-main/.venv/lib/python3.9/site-packages/passlib/utils/handlers.py", line 2156, in set_backend
    return owner.set_backend(name, dryrun=dryrun)
  File "/Users/swaraj.k/Downloads/ecopulse-main/.venv/lib/python3.9/site-packages/passlib/utils/handlers.py", line 2163, in set_backend
    return cls.set_backend(name, dryrun=dryrun)
  File "/Users/swaraj.k/Downloads/ecopulse-main/.venv/lib/python3.9/site-packages/passlib/utils/handlers.py", line 2188, in set_backend
    cls._set_backend(name, dryrun)
  File "/Users/swaraj.k/Downloads/ecopulse-main/.venv/lib/python3.9/site-packages/passlib/utils/handlers.py", line 2311, in _set_backend
    super(SubclassBackendMixin, cls)._set_backend(name, dryrun)
  File "/Users/swaraj.k/Downloads/ecopulse-main/.venv/lib/python3.9/site-packages/passlib/utils/handlers.py", line 2224, in _set_backend
    ok = loader(**kwds)
  File "/Users/swaraj.k/Downloads/ecopulse-main/.venv/lib/python3.9/site-packages/passlib/handlers/bcrypt.py", line 626, in _load_backend_mixin
    return mixin_cls._finalize_backend_mixin(name, dryrun)
  File "/Users/swaraj.k/Downloads/ecopulse-main/.venv/lib/python3.9/site-packages/passlib/handlers/bcrypt.py", line 421, in _finalize_backend_mixin
    if detect_wrap_bug(IDENT_2A):
  File "/Users/swaraj.k/Downloads/ecopulse-main/.venv/lib/python3.9/site-packages/passlib/handlers/bcrypt.py", line 380, in detect_wrap_bug
    if verify(secret, bug_hash):
  File "/Users/swaraj.k/Downloads/ecopulse-main/.venv/lib/python3.9/site-packages/passlib/utils/handlers.py", line 792, in verify
    return consteq(self._calc_checksum(secret), chk)
  File "/Users/swaraj.k/Downloads/ecopulse-main/.venv/lib/python3.9/site-packages/passlib/handlers/bcrypt.py", line 655, in _calc_checksum
    hash = _bcrypt.hashpw(secret, config)
ValueError: password cannot be longer than 72 bytes, truncate manually if necessary (e.g. my_password[:72])
✅  ONNX weather model loaded
✅  AQI + EcoScore models loaded
⚠️   Temp/Rain models not found — using rule-based fallback. Run train_models.py. ([Errno 2] No such file or directory: '/Users/swaraj.k/Downloads/ecopulse-main/ml-model/temp_model.pkl')
⚠️   No GEMINI_API_KEY found. AI Assistant will use fallback responses.
INFO:     127.0.0.1:55276 - "POST /auth/signup HTTP/1.1" 500 Internal Server Error
WARNING:  WatchFiles detected changes in 'auth.py'. Reloading...
INFO:     Shutting down
INFO:     Waiting for application shutdown.
INFO:     Application shutdown complete.
INFO:     Finished server process [31637]
/Users/swaraj.k/Downloads/ecopulse-main/.venv/lib/python3.9/site-packages/google/api_core/_python_version_support.py:246: FutureWarning: You are using a non-supported Python version (3.9.6). Google will not post any further updates to google.api_core supporting this Python version. Please upgrade to the latest Python version, or at least Python 3.10, and then update google.api_core.
  warnings.warn(message, FutureWarning)
/Users/swaraj.k/Downloads/ecopulse-main/.venv/lib/python3.9/site-packages/urllib3/__init__.py:35: NotOpenSSLWarning: urllib3 v2 only supports OpenSSL 1.1.1+, currently the 'ssl' module is compiled with 'LibreSSL 2.8.3'. See: https://github.com/urllib3/urllib3/issues/3020
  warnings.warn(
/Users/swaraj.k/Downloads/ecopulse-main/.venv/lib/python3.9/site-packages/google/auth/__init__.py:54: FutureWarning: You are using a Python version 3.9 past its end of life. Google will update google-auth with critical bug fixes on a best-effort basis, but not with any other fixes or features. Please upgrade your Python version, and then update google-auth.
  warnings.warn(eol_message.format("3.9"), FutureWarning)
/Users/swaraj.k/Downloads/ecopulse-main/.venv/lib/python3.9/site-packages/google/oauth2/__init__.py:40: FutureWarning: You are using a Python version 3.9 past its end of life. Google will update google-auth with critical bug fixes on a best-effort basis, but not with any other fixes or features. Please upgrade your Python version, and then update google-auth.
  warnings.warn(eol_message.format("3.9"), FutureWarning)
/Users/swaraj.k/Downloads/ecopulse-main/.venv/lib/python3.9/site-packages/pydantic/_internal/_config.py:322: UserWarning: Valid config keys have changed in V2:
* 'orm_mode' has been renamed to 'from_attributes'
  warnings.warn(message, UserWarning)
INFO:     Started server process [31896]
INFO:     Waiting for application startup.
INFO:     Application startup complete.
✅  ONNX weather model loaded
✅  AQI + EcoScore models loaded
⚠️   Temp/Rain models not found — using rule-based fallback. Run train_models.py. ([Errno 2] No such file or directory: '/Users/swaraj.k/Downloads/ecopulse-main/ml-model/temp_model.pkl')
⚠️   No GEMINI_API_KEY found. AI Assistant will use fallback responses.
INFO:     127.0.0.1:55289 - "POST /auth/signup HTTP/1.1" 200 OK
Traceback (most recent call last):
  File "/Users/swaraj.k/Downloads/ecopulse-main/backend/routers/auth_router.py", line 18, in signup
    raise HTTPException(status_code=400, detail="Email already registered")
fastapi.exceptions.HTTPException: 400: Email already registered
INFO:     127.0.0.1:55294 - "POST /auth/signup HTTP/1.1" 500 Internal Server Error
WARNING:  WatchFiles detected changes in 'routers/auth_router.py'. Reloading...
INFO:     Shutting down
INFO:     Waiting for application shutdown.
INFO:     Application shutdown complete.
INFO:     Finished server process [31896]
/Users/swaraj.k/Downloads/ecopulse-main/.venv/lib/python3.9/site-packages/google/api_core/_python_version_support.py:246: FutureWarning: You are using a non-supported Python version (3.9.6). Google will not post any further updates to google.api_core supporting this Python version. Please upgrade to the latest Python version, or at least Python 3.10, and then update google.api_core.
  warnings.warn(message, FutureWarning)
/Users/swaraj.k/Downloads/ecopulse-main/.venv/lib/python3.9/site-packages/urllib3/__init__.py:35: NotOpenSSLWarning: urllib3 v2 only supports OpenSSL 1.1.1+, currently the 'ssl' module is compiled with 'LibreSSL 2.8.3'. See: https://github.com/urllib3/urllib3/issues/3020
  warnings.warn(
/Users/swaraj.k/Downloads/ecopulse-main/.venv/lib/python3.9/site-packages/google/auth/__init__.py:54: FutureWarning: You are using a Python version 3.9 past its end of life. Google will update google-auth with critical bug fixes on a best-effort basis, but not with any other fixes or features. Please upgrade your Python version, and then update google-auth.
  warnings.warn(eol_message.format("3.9"), FutureWarning)
/Users/swaraj.k/Downloads/ecopulse-main/.venv/lib/python3.9/site-packages/google/oauth2/__init__.py:40: FutureWarning: You are using a Python version 3.9 past its end of life. Google will update google-auth with critical bug fixes on a best-effort basis, but not with any other fixes or features. Please upgrade your Python version, and then update google-auth.
  warnings.warn(eol_message.format("3.9"), FutureWarning)
/Users/swaraj.k/Downloads/ecopulse-main/.venv/lib/python3.9/site-packages/pydantic/_internal/_config.py:322: UserWarning: Valid config keys have changed in V2:
* 'orm_mode' has been renamed to 'from_attributes'
  warnings.warn(message, UserWarning)
INFO:     Started server process [32418]
INFO:     Waiting for application startup.
INFO:     Application startup complete.
✅  ONNX weather model loaded
✅  AQI + EcoScore models loaded
⚠️   Temp/Rain models not found — using rule-based fallback. Run train_models.py. ([Errno 2] No such file or directory: '/Users/swaraj.k/Downloads/ecopulse-main/ml-model/temp_model.pkl')
⚠️   No GEMINI_API_KEY found. AI Assistant will use fallback responses.
INFO:     127.0.0.1:55350 - "OPTIONS /auth/login HTTP/1.1" 200 OK
INFO:     127.0.0.1:55352 - "POST /auth/login HTTP/1.1" 401 Unauthorized
INFO:     127.0.0.1:55354 - "OPTIONS /auth/signup HTTP/1.1" 200 OK
INFO:     127.0.0.1:55356 - "POST /auth/signup HTTP/1.1" 200 OK
INFO:     127.0.0.1:55354 - "OPTIONS /auth/me HTTP/1.1" 200 OK
INFO:     127.0.0.1:55364 - "OPTIONS /auth/me HTTP/1.1" 200 OK
INFO:     127.0.0.1:55356 - "GET /auth/me HTTP/1.1" 200 OK
INFO:     127.0.0.1:55356 - "GET /auth/me HTTP/1.1" 200 OK
INFO:     127.0.0.1:55364 - "OPTIONS /data/today-input HTTP/1.1" 200 OK
INFO:     127.0.0.1:55356 - "GET /data/today-input HTTP/1.1" 500 Internal Server Error
ERROR:    Exception in ASGI application
Traceback (most recent call last):
  File "/Users/swaraj.k/Downloads/ecopulse-main/.venv/lib/python3.9/site-packages/uvicorn/protocols/http/httptools_impl.py", line 419, in run_asgi
    result = await app(  # type: ignore[func-returns-value]
  File "/Users/swaraj.k/Downloads/ecopulse-main/.venv/lib/python3.9/site-packages/uvicorn/middleware/proxy_headers.py", line 84, in __call__
    return await self.app(scope, receive, send)
  File "/Users/swaraj.k/Downloads/ecopulse-main/.venv/lib/python3.9/site-packages/fastapi/applications.py", line 1054, in __call__
    await super().__call__(scope, receive, send)
  File "/Users/swaraj.k/Downloads/ecopulse-main/.venv/lib/python3.9/site-packages/starlette/applications.py", line 123, in __call__
    await self.middleware_stack(scope, receive, send)
  File "/Users/swaraj.k/Downloads/ecopulse-main/.venv/lib/python3.9/site-packages/starlette/middleware/errors.py", line 186, in __call__
    raise exc
  File "/Users/swaraj.k/Downloads/ecopulse-main/.venv/lib/python3.9/site-packages/starlette/middleware/errors.py", line 164, in __call__
    await self.app(scope, receive, _send)
  File "/Users/swaraj.k/Downloads/ecopulse-main/.venv/lib/python3.9/site-packages/starlette/middleware/cors.py", line 91, in __call__
    await self.simple_response(scope, receive, send, request_headers=headers)
  File "/Users/swaraj.k/Downloads/ecopulse-main/.venv/lib/python3.9/site-packages/starlette/middleware/cors.py", line 146, in simple_response
    await self.app(scope, receive, send)
  File "/Users/swaraj.k/Downloads/ecopulse-main/.venv/lib/python3.9/site-packages/starlette/middleware/exceptions.py", line 62, in __call__
    await wrap_app_handling_exceptions(self.app, conn)(scope, receive, send)
  File "/Users/swaraj.k/Downloads/ecopulse-main/.venv/lib/python3.9/site-packages/starlette/_exception_handler.py", line 64, in wrapped_app
    raise exc
  File "/Users/swaraj.k/Downloads/ecopulse-main/.venv/lib/python3.9/site-packages/starlette/_exception_handler.py", line 53, in wrapped_app
    await app(scope, receive, sender)
  File "/Users/swaraj.k/Downloads/ecopulse-main/.venv/lib/python3.9/site-packages/starlette/routing.py", line 758, in __call__
    await self.middleware_stack(scope, receive, send)
  File "/Users/swaraj.k/Downloads/ecopulse-main/.venv/lib/python3.9/site-packages/starlette/routing.py", line 778, in app
    await route.handle(scope, receive, send)
  File "/Users/swaraj.k/Downloads/ecopulse-main/.venv/lib/python3.9/site-packages/starlette/routing.py", line 299, in handle
    await self.app(scope, receive, send)
  File "/Users/swaraj.k/Downloads/ecopulse-main/.venv/lib/python3.9/site-packages/starlette/routing.py", line 79, in app
    await wrap_app_handling_exceptions(app, request)(scope, receive, send)
  File "/Users/swaraj.k/Downloads/ecopulse-main/.venv/lib/python3.9/site-packages/starlette/_exception_handler.py", line 64, in wrapped_app
    raise exc
  File "/Users/swaraj.k/Downloads/ecopulse-main/.venv/lib/python3.9/site-packages/starlette/_exception_handler.py", line 53, in wrapped_app
    await app(scope, receive, sender)
  File "/Users/swaraj.k/Downloads/ecopulse-main/.venv/lib/python3.9/site-packages/starlette/routing.py", line 74, in app
    response = await func(request)
  File "/Users/swaraj.k/Downloads/ecopulse-main/.venv/lib/python3.9/site-packages/fastapi/routing.py", line 296, in app
    content = await serialize_response(
  File "/Users/swaraj.k/Downloads/ecopulse-main/.venv/lib/python3.9/site-packages/fastapi/routing.py", line 155, in serialize_response
    raise ResponseValidationError(
fastapi.exceptions.ResponseValidationError: 1 validation errors:
  {'type': 'model_attributes_type', 'loc': ('response',), 'msg': 'Input should be a valid dictionary or object to extract fields from', 'input': None, 'url': 'https://errors.pydantic.dev/2.6/v/model_attributes_type'}

INFO:     127.0.0.1:55364 - "OPTIONS /data/daily-inputs HTTP/1.1" 200 OK
INFO:     127.0.0.1:55369 - "GET /data/daily-inputs HTTP/1.1" 200 OK
INFO:     127.0.0.1:55364 - "OPTIONS /data/green-index HTTP/1.1" 200 OK
INFO:     127.0.0.1:55369 - "GET /data/green-index HTTP/1.1" 200 OK
INFO:     127.0.0.1:55369 - "GET /auth/me HTTP/1.1" 200 OK
INFO:     127.0.0.1:55369 - "GET /auth/me HTTP/1.1" 200 OK
INFO:     127.0.0.1:55369 - "GET /data/today-input HTTP/1.1" 500 Internal Server Error
ERROR:    Exception in ASGI application
Traceback (most recent call last):
  File "/Users/swaraj.k/Downloads/ecopulse-main/.venv/lib/python3.9/site-packages/uvicorn/protocols/http/httptools_impl.py", line 419, in run_asgi
    result = await app(  # type: ignore[func-returns-value]
  File "/Users/swaraj.k/Downloads/ecopulse-main/.venv/lib/python3.9/site-packages/uvicorn/middleware/proxy_headers.py", line 84, in __call__
    return await self.app(scope, receive, send)
  File "/Users/swaraj.k/Downloads/ecopulse-main/.venv/lib/python3.9/site-packages/fastapi/applications.py", line 1054, in __call__
    await super().__call__(scope, receive, send)
  File "/Users/swaraj.k/Downloads/ecopulse-main/.venv/lib/python3.9/site-packages/starlette/applications.py", line 123, in __call__
    await self.middleware_stack(scope, receive, send)
  File "/Users/swaraj.k/Downloads/ecopulse-main/.venv/lib/python3.9/site-packages/starlette/middleware/errors.py", line 186, in __call__
    raise exc
  File "/Users/swaraj.k/Downloads/ecopulse-main/.venv/lib/python3.9/site-packages/starlette/middleware/errors.py", line 164, in __call__
    await self.app(scope, receive, _send)
  File "/Users/swaraj.k/Downloads/ecopulse-main/.venv/lib/python3.9/site-packages/starlette/middleware/cors.py", line 91, in __call__
    await self.simple_response(scope, receive, send, request_headers=headers)
  File "/Users/swaraj.k/Downloads/ecopulse-main/.venv/lib/python3.9/site-packages/starlette/middleware/cors.py", line 146, in simple_response
    await self.app(scope, receive, send)
  File "/Users/swaraj.k/Downloads/ecopulse-main/.venv/lib/python3.9/site-packages/starlette/middleware/exceptions.py", line 62, in __call__
    await wrap_app_handling_exceptions(self.app, conn)(scope, receive, send)
  File "/Users/swaraj.k/Downloads/ecopulse-main/.venv/lib/python3.9/site-packages/starlette/_exception_handler.py", line 64, in wrapped_app
    raise exc
  File "/Users/swaraj.k/Downloads/ecopulse-main/.venv/lib/python3.9/site-packages/starlette/_exception_handler.py", line 53, in wrapped_app
    await app(scope, receive, sender)
  File "/Users/swaraj.k/Downloads/ecopulse-main/.venv/lib/python3.9/site-packages/starlette/routing.py", line 758, in __call__
    await self.middleware_stack(scope, receive, send)
  File "/Users/swaraj.k/Downloads/ecopulse-main/.venv/lib/python3.9/site-packages/starlette/routing.py", line 778, in app
    await route.handle(scope, receive, send)
  File "/Users/swaraj.k/Downloads/ecopulse-main/.venv/lib/python3.9/site-packages/starlette/routing.py", line 299, in handle
    await self.app(scope, receive, send)
  File "/Users/swaraj.k/Downloads/ecopulse-main/.venv/lib/python3.9/site-packages/starlette/routing.py", line 79, in app
    await wrap_app_handling_exceptions(app, request)(scope, receive, send)
  File "/Users/swaraj.k/Downloads/ecopulse-main/.venv/lib/python3.9/site-packages/starlette/_exception_handler.py", line 64, in wrapped_app
    raise exc
  File "/Users/swaraj.k/Downloads/ecopulse-main/.venv/lib/python3.9/site-packages/starlette/_exception_handler.py", line 53, in wrapped_app
    await app(scope, receive, sender)
  File "/Users/swaraj.k/Downloads/ecopulse-main/.venv/lib/python3.9/site-packages/starlette/routing.py", line 74, in app
    response = await func(request)
  File "/Users/swaraj.k/Downloads/ecopulse-main/.venv/lib/python3.9/site-packages/fastapi/routing.py", line 296, in app
    content = await serialize_response(
  File "/Users/swaraj.k/Downloads/ecopulse-main/.venv/lib/python3.9/site-packages/fastapi/routing.py", line 155, in serialize_response
    raise ResponseValidationError(
fastapi.exceptions.ResponseValidationError: 1 validation errors:
  {'type': 'model_attributes_type', 'loc': ('response',), 'msg': 'Input should be a valid dictionary or object to extract fields from', 'input': None, 'url': 'https://errors.pydantic.dev/2.6/v/model_attributes_type'}

INFO:     127.0.0.1:55371 - "GET /data/daily-inputs HTTP/1.1" 200 OK
INFO:     127.0.0.1:55371 - "GET /data/green-index HTTP/1.1" 200 OK
INFO:     127.0.0.1:55374 - "POST /recommendations HTTP/1.1" 200 OK
/Users/swaraj.k/Downloads/ecopulse-main/.venv/lib/python3.9/site-packages/sklearn/base.py:493: UserWarning: X does not have valid feature names, but RandomForestRegressor was fitted with feature names
  warnings.warn(
/Users/swaraj.k/Downloads/ecopulse-main/.venv/lib/python3.9/site-packages/sklearn/base.py:493: UserWarning: X does not have valid feature names, but RandomForestRegressor was fitted with feature names
  warnings.warn(
INFO:     127.0.0.1:55380 - "POST /recommendations HTTP/1.1" 200 OK
/Users/swaraj.k/Downloads/ecopulse-main/.venv/lib/python3.9/site-packages/sklearn/base.py:493: UserWarning: X does not have valid feature names, but RandomForestRegressor was fitted with feature names
  warnings.warn(
/Users/swaraj.k/Downloads/ecopulse-main/.venv/lib/python3.9/site-packages/sklearn/base.py:493: UserWarning: X does not have valid feature names, but RandomForestRegressor was fitted with feature names
  warnings.warn(
/Users/swaraj.k/Downloads/ecopulse-main/.venv/lib/python3.9/site-packages/sklearn/base.py:493: UserWarning: X does not have valid feature names, but RandomForestRegressor was fitted with feature names
  warnings.warn(
/Users/swaraj.k/Downloads/ecopulse-main/.venv/lib/python3.9/site-packages/sklearn/base.py:493: UserWarning: X does not have valid feature names, but RandomForestRegressor was fitted with feature names
  warnings.warn(
INFO:     127.0.0.1:55375 - "POST /predict/aqi HTTP/1.1" 200 OK
INFO:     127.0.0.1:55374 - "POST /predict/aqi HTTP/1.1" 200 OK
INFO:     127.0.0.1:55485 - "OPTIONS /auth/signup HTTP/1.1" 400 Bad Request
